<?xml version="1.0" encoding="UTF-8"?>
<!-- Generated by org.testng.reporters.JUnitXMLReporter -->
<testsuite ignored="2" hostname="DESKTOP-5QDVLEU" failures="0" tests="6" name="Test" time="0.101" errors="0" timestamp="2022-09-12T00:41:46 IST">
  <testcase classname="testPackage.TestClassA" name="testB" time="0.009"/>
  <testcase classname="testPackage.TestClassB" name="testB" time="0.011"/>
  <testcase classname="testPackage.TestClassB" name="testB" time="0.002"/>
  <testcase classname="testPackage.TestClassA" name="testB" time="0.001"/>
  <testcase classname="testPackage.TestClassB" name="testC" time="0.002"/>
  <testcase classname="testPackage.TestClassA" name="testC" time="0.003"/>
  <testcase classname="testPackage.TestClassA" name="testA" time="0.0">
    <ignored/>
  </testcase> <!-- testA -->
  <testcase classname="testPackage.TestClassB" name="testA" time="0.0">
    <ignored/>
  </testcase> <!-- testA -->
</testsuite> <!-- Test -->
